flir-cam-connect/FLIROneSDKBundle/FLIRONEExampleApplication/app/build/intermediates/manifest_merge_blame_file/debug/manifest-merger-blame-debug-report.txt
1<?xml version="1.0" encoding="utf-8"?>
2<manifest xmlns:android="http://schemas.android.com/apk/res/android"
3    package="com.tommy.AIotFlirCameraConnector"
4    android:versionCode="21"
5    android:versionName="3.1.5" >
6
7    <uses-sdk
8        android:minSdkVersion="21"
8-->src\main\AndroidManifest.xml
9        android:targetSdkVersion="28" />
9-->src\main\AndroidManifest.xml
10
11    <uses-permission android:name="android.permission.WRITE_EXTERNAL_STORAGE" />
11-->src\main\AndroidManifest.xml:48:5-80
11-->src\main\AndroidManifest.xml:48:22-78
12    <uses-permission android:name="android.permission.INTERNET" />
12-->src\main\AndroidManifest.xml:49:5-66
12-->src\main\AndroidManifest.xml:49:22-64
13    <uses-permission android:name="android.permission.CAMERA" />
13-->[:flironesdk:] AndroidManifest.xml:11:5-65
13-->[:flironesdk:] AndroidManifest.xml:11:22-62
14
15    <application
15-->src\main\AndroidManifest.xml:6:5-47:19
16        android:allowBackup="true"
16-->src\main\AndroidManifest.xml:7:9-35
17        android:appComponentFactory="android.support.v4.app.CoreComponentFactory"
17-->[com.android.support:support-compat:28.0.0] AndroidManifest.xml:22:18-91
18        android:debuggable="true"
19        android:icon="@mipmap/ic_launcher"
19-->src\main\AndroidManifest.xml:8:9-43
20        android:label="@string/app_name"
20-->src\main\AndroidManifest.xml:9:9-41
21        android:testOnly="true"
22        android:theme="@style/AppTheme"
22-->src\main\AndroidManifest.xml:10:9-40
23        android:versionCode="3"
23-->src\main\AndroidManifest.xml:11:9-32
24        android:versionName="0.3" >
24-->src\main\AndroidManifest.xml:12:9-34
25        <activity
25-->src\main\AndroidManifest.xml:13:9-23:20
26            android:name="com.tommy.AIotFlirCameraConnector.EditorActivity"
26-->src\main\AndroidManifest.xml:13:19-82
27            android:screenOrientation="portrait" >
27-->src\main\AndroidManifest.xml:14:13-49
28            <intent-filter>
28-->src\main\AndroidManifest.xml:15:13-22:29
29                <action android:name="android.intent.action.VIEW" />
29-->src\main\AndroidManifest.xml:16:17-69
29-->src\main\AndroidManifest.xml:16:25-66
30                <action android:name="android.intent.action.EDIT" />
30-->src\main\AndroidManifest.xml:17:17-69
30-->src\main\AndroidManifest.xml:17:25-66
31                <action android:name="android.intent.action.PICK" />
31-->src\main\AndroidManifest.xml:18:17-69
31-->src\main\AndroidManifest.xml:18:25-66
32                <action android:name="android.intent.action.SEND" />
32-->src\main\AndroidManifest.xml:19:17-68
32-->src\main\AndroidManifest.xml:19:25-66
33
34                <category android:name="android.intent.category.DEFAULT" />
34-->src\main\AndroidManifest.xml:20:17-76
34-->src\main\AndroidManifest.xml:20:27-73
35
36                <data android:mimeType="image/jpeg" />
36-->src\main\AndroidManifest.xml:21:17-55
36-->src\main\AndroidManifest.xml:21:23-52
37            </intent-filter>
38        </activity>
39        <activity
39-->src\main\AndroidManifest.xml:24:9-45:20
40            android:name="com.tommy.AIotFlirCameraConnector.GLPreviewActivity"
40-->src\main\AndroidManifest.xml:25:13-79
41            android:configChanges="orientation|keyboardHidden|screenSize"
41-->src\main\AndroidManifest.xml:27:13-74
42            android:label="@string/app_name"
42-->src\main\AndroidManifest.xml:28:13-45
43            android:launchMode="singleTask"
43-->src\main\AndroidManifest.xml:29:13-44
44            android:screenOrientation="portrait"
44-->src\main\AndroidManifest.xml:26:13-49
45            android:theme="@style/FullscreenTheme" >
45-->src\main\AndroidManifest.xml:30:13-51
46            <intent-filter>
46-->src\main\AndroidManifest.xml:31:13-35:29
47                <action android:name="android.intent.action.MAIN" />
47-->src\main\AndroidManifest.xml:32:17-69
47-->src\main\AndroidManifest.xml:32:25-66
48
49                <category android:name="android.intent.category.LAUNCHER" />
49-->src\main\AndroidManifest.xml:34:17-77
49-->src\main\AndroidManifest.xml:34:27-74
50            </intent-filter>
51            <intent-filter>
51-->src\main\AndroidManifest.xml:38:13-42:29
52                <action android:name="android.intent.action.MAIN" />
52-->src\main\AndroidManifest.xml:32:17-69
52-->src\main\AndroidManifest.xml:32:25-66
53                <action android:name="android.hardware.usb.action.USB_DEVICE_ATTACHED" />
53-->src\main\AndroidManifest.xml:40:17-90
53-->src\main\AndroidManifest.xml:40:25-87
54
55                <category android:name="android.intent.category.LAUNCHER" />
55-->src\main\AndroidManifest.xml:34:17-77
55-->src\main\AndroidManifest.xml:34:27-74
56            </intent-filter>
57
58            <meta-data
58-->src\main\AndroidManifest.xml:43:13-44:64
59                android:name="android.hardware.usb.action.USB_DEVICE_ATTACHED"
59-->src\main\AndroidManifest.xml:43:24-86
60                android:resource="@xml/device_filter" />
60-->src\main\AndroidManifest.xml:44:24-61
61        </activity>
62    </application>
63
64</manifest>